2017-10-18 13:00:37.385 DEBUG 972 --- [http-nio-8080-exec-9] c.s.b.controllers.DeveloperController    : DeveloperController in POST method listBench(): getByState(Pageable) is called and found:{}12developers
2017-10-18 13:00:37.386 DEBUG 972 --- [http-nio-8080-exec-9] c.s.b.controllers.DeveloperController    : DeveloperController in POST method listBench(): new pager object created
2017-10-18 13:00:42.090 DEBUG 972 --- [http-nio-8080-exec-4] c.s.b.controllers.DeveloperController    : DeveloperController in POST method listDevelopers(): getByState(Pageable) is called and found:{}12developers
2017-10-18 13:00:42.091 DEBUG 972 --- [http-nio-8080-exec-4] c.s.b.controllers.DeveloperController    : DeveloperController in POST method listDevelopers(): new pager object created
2017-10-18 13:00:47.360 DEBUG 972 --- [http-nio-8080-exec-7] c.s.b.controllers.DeveloperController    : DeveloperController in POST method listBench(): getByState(Pageable) is called and found:{}12developers
2017-10-18 13:00:47.361 DEBUG 972 --- [http-nio-8080-exec-7] c.s.b.controllers.DeveloperController    : DeveloperController in POST method listBench(): new pager object created
2017-10-18 13:00:50.571 DEBUG 972 --- [http-nio-8080-exec-9] c.s.b.controllers.DeveloperController    : DeveloperController in GET method delete(): Removed developer with ID:{}42
2017-10-18 13:00:50.589 DEBUG 972 --- [http-nio-8080-exec-1] c.s.b.controllers.DeveloperController    : DeveloperController in POST method listBench(): getByState(Pageable) is called and found:{}12developers
2017-10-18 13:00:50.589 DEBUG 972 --- [http-nio-8080-exec-1] c.s.b.controllers.DeveloperController    : DeveloperController in POST method listBench(): new pager object created
2017-10-18 13:00:59.669 DEBUG 972 --- [http-nio-8080-exec-8] c.s.b.controllers.DeveloperController    : DeveloperController in POST method assignToProject(): Assigned developer with ID:{}38to project with ID: {}14
2017-10-18 13:00:59.889 DEBUG 972 --- [http-nio-8080-exec-8] c.s.b.controllers.DeveloperController    : DeveloperController in POST method assignToProject(): Updated project with ID:{}14
2017-10-18 13:01:00.010 DEBUG 972 --- [http-nio-8080-exec-10] c.s.b.controllers.DeveloperController    : DeveloperController in POST method listBench(): getByState(Pageable) is called and found:{}12developers
2017-10-18 13:01:00.011 DEBUG 972 --- [http-nio-8080-exec-10] c.s.b.controllers.DeveloperController    : DeveloperController in POST method listBench(): new pager object created
2017-10-18 13:01:17.332 DEBUG 972 --- [http-nio-8080-exec-8] c.s.b.controllers.DeveloperController    : DeveloperController in POST method assign(): Assigned task with ID:{}46to developer with ID: {}36
2017-10-18 13:01:17.597 DEBUG 972 --- [http-nio-8080-exec-8] c.s.b.controllers.DeveloperController    : DeveloperController in POST method assign(): Updated developer with ID:{}36
2017-10-18 13:01:17.610 DEBUG 972 --- [http-nio-8080-exec-10] c.s.b.controllers.DeveloperController    : DeveloperController in POST method listBench(): getByState(Pageable) is called and found:{}12developers
2017-10-18 13:01:17.611 DEBUG 972 --- [http-nio-8080-exec-10] c.s.b.controllers.DeveloperController    : DeveloperController in POST method listBench(): new pager object created
2017-10-18 13:01:26.589 DEBUG 972 --- [http-nio-8080-exec-3] c.s.b.controllers.DeveloperController    : DeveloperController in method showTasks():found assigned to developer with ID: 36 1 tasks
2017-10-18 13:01:28.191 DEBUG 972 --- [http-nio-8080-exec-6] c.s.b.controllers.DeveloperController    : DeveloperController in GET method cancelTask(): Cancelled task with ID:{}46for developer with ID: {}36
2017-10-18 13:01:28.283 DEBUG 972 --- [http-nio-8080-exec-6] c.s.b.controllers.DeveloperController    : DeveloperController in GET method cancelTask(): Updated developer with ID:{}36
2017-10-18 13:01:28.288 DEBUG 972 --- [http-nio-8080-exec-6] c.s.b.controllers.DeveloperController    : DeveloperController in GET method cancelTask(): Updated task with ID:{}46
2017-10-18 13:01:28.339 DEBUG 972 --- [http-nio-8080-exec-7] c.s.b.controllers.DeveloperController    : DeveloperController in POST method listBench(): getByState(Pageable) is called and found:{}12developers
2017-10-18 13:01:28.340 DEBUG 972 --- [http-nio-8080-exec-7] c.s.b.controllers.DeveloperController    : DeveloperController in POST method listBench(): new pager object created
2017-10-18 13:01:38.654 DEBUG 972 --- [http-nio-8080-exec-4] c.s.b.controllers.DeveloperController    : DeveloperController in GET method assignAllTasks(): assigned: {}11 tasks among: 3 projects
2017-10-18 13:01:38.795 DEBUG 972 --- [http-nio-8080-exec-4] c.s.b.controllers.DeveloperController    : DeveloperController in GET method assignAllTasks(): updated all developers
2017-10-18 13:01:38.807 DEBUG 972 --- [http-nio-8080-exec-4] c.s.b.controllers.DeveloperController    : DeveloperController in GET method assignAllTasks(): updated all tasks
2017-10-18 13:01:38.816 DEBUG 972 --- [http-nio-8080-exec-4] c.s.b.controllers.DeveloperController    : DeveloperController in GET method assignAllTasks(): updated all projects
2017-10-18 13:01:42.409 DEBUG 972 --- [http-nio-8080-exec-10] c.s.b.controllers.DeveloperController    : DeveloperController in GET method cancelAllTasks(): cancelled: {}11 tasks among: 3 projects
2017-10-18 13:01:42.509 DEBUG 972 --- [http-nio-8080-exec-10] c.s.b.controllers.DeveloperController    : DeveloperController in GET method cancelAllTasks(): updated all developers
2017-10-18 13:01:42.516 DEBUG 972 --- [http-nio-8080-exec-10] c.s.b.controllers.DeveloperController    : DeveloperController in GET method cancelAllTasks(): updated all tasks
2017-10-18 13:01:42.524 DEBUG 972 --- [http-nio-8080-exec-10] c.s.b.controllers.DeveloperController    : DeveloperController in GET method cancelAllTasks(): updated all projects
2017-10-18 13:45:23.808  INFO 4868 --- [restartedMain] c.s.booster.SpringBootMySqlApplication   : Starting SpringBootMySqlApplication on Home-ПК with PID 4868 (C:\Users\Home\IdeaProjects\spring-boot-mysql-PM_BOOSTER\target\classes started by Home in C:\Users\Home\IdeaProjects\spring-boot-mysql-PM_BOOSTER)
2017-10-18 13:45:23.821  INFO 4868 --- [restartedMain] c.s.booster.SpringBootMySqlApplication   : No active profile set, falling back to default profiles: default
2017-10-18 13:45:26.100  INFO 4868 --- [restartedMain] ationConfigEmbeddedWebApplicationContext : Refreshing org.springframework.boot.context.embedded.AnnotationConfigEmbeddedWebApplicationContext@7b98fd8e: startup date [Wed Oct 18 13:45:25 EEST 2017]; root of context hierarchy
2017-10-18 13:45:33.797  INFO 4868 --- [restartedMain] s.b.c.e.t.TomcatEmbeddedServletContainer : Tomcat initialized with port(s): 8080 (http)
2017-10-18 13:45:33.915  INFO 4868 --- [restartedMain] o.apache.catalina.core.StandardService   : Starting service [Tomcat]
2017-10-18 13:45:33.927  INFO 4868 --- [restartedMain] org.apache.catalina.core.StandardEngine  : Starting Servlet Engine: Apache Tomcat/8.5.15
2017-10-18 13:45:34.565  INFO 4868 --- [localhost-startStop-1] o.a.c.c.C.[Tomcat].[localhost].[/]       : Initializing Spring embedded WebApplicationContext
2017-10-18 13:45:34.566  INFO 4868 --- [localhost-startStop-1] o.s.web.context.ContextLoader            : Root WebApplicationContext: initialization completed in 8609 ms
2017-10-18 13:45:34.927  INFO 4868 --- [localhost-startStop-1] o.s.b.w.servlet.FilterRegistrationBean   : Mapping filter: 'characterEncodingFilter' to: [/*]
2017-10-18 13:45:34.929  INFO 4868 --- [localhost-startStop-1] o.s.b.w.servlet.FilterRegistrationBean   : Mapping filter: 'hiddenHttpMethodFilter' to: [/*]
2017-10-18 13:45:34.929  INFO 4868 --- [localhost-startStop-1] o.s.b.w.servlet.FilterRegistrationBean   : Mapping filter: 'httpPutFormContentFilter' to: [/*]
2017-10-18 13:45:34.929  INFO 4868 --- [localhost-startStop-1] o.s.b.w.servlet.FilterRegistrationBean   : Mapping filter: 'requestContextFilter' to: [/*]
2017-10-18 13:45:34.931  INFO 4868 --- [localhost-startStop-1] .s.DelegatingFilterProxyRegistrationBean : Mapping filter: 'springSecurityFilterChain' to: [/*]
2017-10-18 13:45:34.933  INFO 4868 --- [localhost-startStop-1] o.s.b.w.servlet.ServletRegistrationBean  : Mapping servlet: 'dispatcherServlet' to [/]
2017-10-18 13:45:36.621  INFO 4868 --- [restartedMain] j.LocalContainerEntityManagerFactoryBean : Building JPA container EntityManagerFactory for persistence unit 'default'
2017-10-18 13:45:36.643  INFO 4868 --- [restartedMain] o.hibernate.jpa.internal.util.LogHelper  : HHH000204: Processing PersistenceUnitInfo [
	name: default
	...]
2017-10-18 13:45:36.961  INFO 4868 --- [restartedMain] org.hibernate.Version                    : HHH000412: Hibernate Core {5.0.12.Final}
2017-10-18 13:45:36.963  INFO 4868 --- [restartedMain] org.hibernate.cfg.Environment            : HHH000206: hibernate.properties not found
2017-10-18 13:45:36.965  INFO 4868 --- [restartedMain] org.hibernate.cfg.Environment            : HHH000021: Bytecode provider name : javassist
2017-10-18 13:45:37.065  INFO 4868 --- [restartedMain] o.hibernate.annotations.common.Version   : HCANN000001: Hibernate Commons Annotations {5.0.1.Final}
2017-10-18 13:45:37.339  INFO 4868 --- [restartedMain] org.hibernate.dialect.Dialect            : HHH000400: Using dialect: org.hibernate.dialect.MySQL5Dialect
2017-10-18 13:45:38.557  INFO 4868 --- [restartedMain] org.hibernate.tool.hbm2ddl.SchemaUpdate  : HHH000228: Running hbm2ddl schema update
2017-10-18 13:45:39.075  INFO 4868 --- [restartedMain] j.LocalContainerEntityManagerFactoryBean : Initialized JPA EntityManagerFactory for persistence unit 'default'
2017-10-18 13:45:40.341  INFO 4868 --- [restartedMain] s.w.s.m.m.a.RequestMappingHandlerAdapter : Looking for @ControllerAdvice: org.springframework.boot.context.embedded.AnnotationConfigEmbeddedWebApplicationContext@7b98fd8e: startup date [Wed Oct 18 13:45:25 EEST 2017]; root of context hierarchy
2017-10-18 13:45:40.479  INFO 4868 --- [restartedMain] s.w.s.m.m.a.RequestMappingHandlerMapping : Mapped "{[/developers/update],methods=[POST]}" onto public org.springframework.web.servlet.ModelAndView com.shelest.booster.controllers.DeveloperController.update(long,java.lang.String,com.shelest.booster.utilities.Rank,double,int)
2017-10-18 13:45:40.480  INFO 4868 --- [restartedMain] s.w.s.m.m.a.RequestMappingHandlerMapping : Mapped "{[/developers/{id}/delete],methods=[GET]}" onto public org.springframework.web.servlet.ModelAndView com.shelest.booster.controllers.DeveloperController.delete(long)
2017-10-18 13:45:40.481  INFO 4868 --- [restartedMain] s.w.s.m.m.a.RequestMappingHandlerMapping : Mapped "{[/developers/create],methods=[POST]}" onto public org.springframework.web.servlet.ModelAndView com.shelest.booster.controllers.DeveloperController.create(java.lang.String,com.shelest.booster.utilities.Rank,double,int,org.springframework.ui.Model)
2017-10-18 13:45:40.481  INFO 4868 --- [restartedMain] s.w.s.m.m.a.RequestMappingHandlerMapping : Mapped "{[/developers/assign],methods=[POST]}" onto public org.springframework.web.servlet.ModelAndView com.shelest.booster.controllers.DeveloperController.assign(long,long)
2017-10-18 13:45:40.482  INFO 4868 --- [restartedMain] s.w.s.m.m.a.RequestMappingHandlerMapping : Mapped "{[/developers/all],methods=[GET]}" onto public org.springframework.web.servlet.ModelAndView com.shelest.booster.controllers.DeveloperController.listDevelopers(java.util.Optional<java.lang.Integer>,java.util.Optional<java.lang.Integer>,java.lang.String)
2017-10-18 13:45:40.483  INFO 4868 --- [restartedMain] s.w.s.m.m.a.RequestMappingHandlerMapping : Mapped "{[/developers/bench],methods=[GET]}" onto public org.springframework.web.servlet.ModelAndView com.shelest.booster.controllers.DeveloperController.listBench(java.util.Optional<java.lang.Integer>,java.util.Optional<java.lang.Integer>,java.lang.String)
2017-10-18 13:45:40.483  INFO 4868 --- [restartedMain] s.w.s.m.m.a.RequestMappingHandlerMapping : Mapped "{[/developers/new],methods=[GET]}" onto public java.lang.String com.shelest.booster.controllers.DeveloperController.newDeveloper()
2017-10-18 13:45:40.484  INFO 4868 --- [restartedMain] s.w.s.m.m.a.RequestMappingHandlerMapping : Mapped "{[/developers/{id}/edit],methods=[GET]}" onto public java.lang.String com.shelest.booster.controllers.DeveloperController.edit(long,org.springframework.ui.Model)
2017-10-18 13:45:40.484  INFO 4868 --- [restartedMain] s.w.s.m.m.a.RequestMappingHandlerMapping : Mapped "{[/developers/{id}/assignTask],methods=[GET]}" onto public java.lang.String com.shelest.booster.controllers.DeveloperController.assignTask(long,org.springframework.ui.Model)
2017-10-18 13:45:40.486  INFO 4868 --- [restartedMain] s.w.s.m.m.a.RequestMappingHandlerMapping : Mapped "{[/developers/{id}/showTasks/{taskId}],methods=[GET]}" onto public org.springframework.web.servlet.ModelAndView com.shelest.booster.controllers.DeveloperController.cancelTask(long,long,org.springframework.ui.Model)
2017-10-18 13:45:40.488  INFO 4868 --- [restartedMain] s.w.s.m.m.a.RequestMappingHandlerMapping : Mapped "{[/developers/assignToProject],methods=[POST]}" onto public org.springframework.web.servlet.ModelAndView com.shelest.booster.controllers.DeveloperController.assignToProject(long,long)
2017-10-18 13:45:40.489  INFO 4868 --- [restartedMain] s.w.s.m.m.a.RequestMappingHandlerMapping : Mapped "{[/developers/{id}/assignToProject],methods=[GET]}" onto public java.lang.String com.shelest.booster.controllers.DeveloperController.assignProject(long,org.springframework.ui.Model)
2017-10-18 13:45:40.489  INFO 4868 --- [restartedMain] s.w.s.m.m.a.RequestMappingHandlerMapping : Mapped "{[/developers/assignAllTasks],methods=[GET]}" onto public org.springframework.web.servlet.ModelAndView com.shelest.booster.controllers.DeveloperController.assignAllTasks()
2017-10-18 13:45:40.489  INFO 4868 --- [restartedMain] s.w.s.m.m.a.RequestMappingHandlerMapping : Mapped "{[/developers/cancelAllTasks],methods=[GET]}" onto public org.springframework.web.servlet.ModelAndView com.shelest.booster.controllers.DeveloperController.cancelAllTasks()
2017-10-18 13:45:40.490  INFO 4868 --- [restartedMain] s.w.s.m.m.a.RequestMappingHandlerMapping : Mapped "{[/developers/{id}/showTasks],methods=[GET]}" onto public java.lang.String com.shelest.booster.controllers.DeveloperController.listAssignedTasks(long,org.springframework.ui.Model)
2017-10-18 13:45:40.491  INFO 4868 --- [restartedMain] s.w.s.m.m.a.RequestMappingHandlerMapping : Mapped "{[/]}" onto public org.springframework.web.servlet.ModelAndView com.shelest.booster.controllers.HomeController.greeting()
2017-10-18 13:45:40.492  INFO 4868 --- [restartedMain] s.w.s.m.m.a.RequestMappingHandlerMapping : Mapped "{[/login],methods=[GET]}" onto public java.lang.String com.shelest.booster.controllers.HomeController.login()
2017-10-18 13:45:40.496  INFO 4868 --- [restartedMain] s.w.s.m.m.a.RequestMappingHandlerMapping : Mapped "{[/projects/updateProject],methods=[POST]}" onto public org.springframework.web.servlet.ModelAndView com.shelest.booster.controllers.ProjectController.update(long,java.lang.String,int,int,int,int,org.springframework.ui.Model)
2017-10-18 13:45:40.497  INFO 4868 --- [restartedMain] s.w.s.m.m.a.RequestMappingHandlerMapping : Mapped "{[/projects/createProject],methods=[POST]}" onto public org.springframework.web.servlet.ModelAndView com.shelest.booster.controllers.ProjectController.create(java.lang.String,int,int,int,int)
2017-10-18 13:45:40.497  INFO 4868 --- [restartedMain] s.w.s.m.m.a.RequestMappingHandlerMapping : Mapped "{[/projects/{id}/editProject],methods=[GET]}" onto public org.springframework.web.servlet.ModelAndView com.shelest.booster.controllers.ProjectController.edit(long)
2017-10-18 13:45:40.497  INFO 4868 --- [restartedMain] s.w.s.m.m.a.RequestMappingHandlerMapping : Mapped "{[/projects/{id}/showTeam/{devId}],methods=[GET]}" onto public org.springframework.web.servlet.ModelAndView com.shelest.booster.controllers.ProjectController.removeDeveloper(long,long)
2017-10-18 13:45:40.497  INFO 4868 --- [restartedMain] s.w.s.m.m.a.RequestMappingHandlerMapping : Mapped "{[/projects/newProject],methods=[GET]}" onto public org.springframework.web.servlet.ModelAndView com.shelest.booster.controllers.ProjectController.newProject()
2017-10-18 13:45:40.498  INFO 4868 --- [restartedMain] s.w.s.m.m.a.RequestMappingHandlerMapping : Mapped "{[/projects/{id}/deleteProject],methods=[GET]}" onto public org.springframework.web.servlet.ModelAndView com.shelest.booster.controllers.ProjectController.deleteProject(long)
2017-10-18 13:45:40.498  INFO 4868 --- [restartedMain] s.w.s.m.m.a.RequestMappingHandlerMapping : Mapped "{[/projects],methods=[GET]}" onto public org.springframework.web.servlet.ModelAndView com.shelest.booster.controllers.ProjectController.listProjects()
2017-10-18 13:45:40.499  INFO 4868 --- [restartedMain] s.w.s.m.m.a.RequestMappingHandlerMapping : Mapped "{[/projects/{id}/showTeam],methods=[GET]}" onto public org.springframework.web.servlet.ModelAndView com.shelest.booster.controllers.ProjectController.listAssignedDevelopers(long)
2017-10-18 13:45:40.501  INFO 4868 --- [restartedMain] s.w.s.m.m.a.RequestMappingHandlerMapping : Mapped "{[/tasks/updateTask],methods=[POST]}" onto public org.springframework.web.servlet.ModelAndView com.shelest.booster.controllers.TaskController.update(long,java.lang.String,com.shelest.booster.utilities.TaskType,java.time.LocalDate,java.time.LocalDate,int,org.springframework.ui.Model)
2017-10-18 13:45:40.501  INFO 4868 --- [restartedMain] s.w.s.m.m.a.RequestMappingHandlerMapping : Mapped "{[/tasks/createTask],methods=[POST]}" onto public org.springframework.web.servlet.ModelAndView com.shelest.booster.controllers.TaskController.create(java.lang.String,com.shelest.booster.utilities.TaskType,java.time.LocalDate,java.time.LocalDate,int,org.springframework.ui.Model)
2017-10-18 13:45:40.502  INFO 4868 --- [restartedMain] s.w.s.m.m.a.RequestMappingHandlerMapping : Mapped "{[/tasks/{id}/editTask],methods=[GET]}" onto public org.springframework.web.servlet.ModelAndView com.shelest.booster.controllers.TaskController.edit(long)
2017-10-18 13:45:40.502  INFO 4868 --- [restartedMain] s.w.s.m.m.a.RequestMappingHandlerMapping : Mapped "{[/tasks/{id}/deleteTask],methods=[GET]}" onto public org.springframework.web.servlet.ModelAndView com.shelest.booster.controllers.TaskController.deleteTask(long)
2017-10-18 13:45:40.503  INFO 4868 --- [restartedMain] s.w.s.m.m.a.RequestMappingHandlerMapping : Mapped "{[/tasks/allTasks],methods=[GET]}" onto public org.springframework.web.servlet.ModelAndView com.shelest.booster.controllers.TaskController.listAllTasks(java.util.Optional<java.lang.Integer>,java.util.Optional<java.lang.Integer>,java.lang.String)
2017-10-18 13:45:40.503  INFO 4868 --- [restartedMain] s.w.s.m.m.a.RequestMappingHandlerMapping : Mapped "{[/tasks/newTask],methods=[GET]}" onto public org.springframework.web.servlet.ModelAndView com.shelest.booster.controllers.TaskController.newTask()
2017-10-18 13:45:40.503  INFO 4868 --- [restartedMain] s.w.s.m.m.a.RequestMappingHandlerMapping : Mapped "{[/tasks/notAssignedTasks],methods=[GET]}" onto public org.springframework.web.servlet.ModelAndView com.shelest.booster.controllers.TaskController.listNotAssignedTasks(java.util.Optional<java.lang.Integer>,java.util.Optional<java.lang.Integer>,java.lang.String)
2017-10-18 13:45:40.507  INFO 4868 --- [restartedMain] s.w.s.m.m.a.RequestMappingHandlerMapping : Mapped "{[/error]}" onto public org.springframework.http.ResponseEntity<java.util.Map<java.lang.String, java.lang.Object>> org.springframework.boot.autoconfigure.web.BasicErrorController.error(javax.servlet.http.HttpServletRequest)
2017-10-18 13:45:40.508  INFO 4868 --- [restartedMain] s.w.s.m.m.a.RequestMappingHandlerMapping : Mapped "{[/error],produces=[text/html]}" onto public org.springframework.web.servlet.ModelAndView org.springframework.boot.autoconfigure.web.BasicErrorController.errorHtml(javax.servlet.http.HttpServletRequest,javax.servlet.http.HttpServletResponse)
2017-10-18 13:45:40.569  INFO 4868 --- [restartedMain] o.s.w.s.handler.SimpleUrlHandlerMapping  : Mapped URL path [/webjars/**] onto handler of type [class org.springframework.web.servlet.resource.ResourceHttpRequestHandler]
2017-10-18 13:45:40.570  INFO 4868 --- [restartedMain] o.s.w.s.handler.SimpleUrlHandlerMapping  : Mapped URL path [/**] onto handler of type [class org.springframework.web.servlet.resource.ResourceHttpRequestHandler]
2017-10-18 13:45:40.645  INFO 4868 --- [restartedMain] o.s.w.s.handler.SimpleUrlHandlerMapping  : Mapped URL path [/**/favicon.ico] onto handler of type [class org.springframework.web.servlet.resource.ResourceHttpRequestHandler]
2017-10-18 13:45:41.746  INFO 4868 --- [restartedMain] o.s.s.web.DefaultSecurityFilterChain     : Creating filter chain: OrRequestMatcher [requestMatchers=[Ant [pattern='/css/**'], Ant [pattern='/js/**'], Ant [pattern='/images/**'], Ant [pattern='/webjars/**'], Ant [pattern='/**/favicon.ico'], Ant [pattern='/error']]], []
2017-10-18 13:45:41.884  INFO 4868 --- [restartedMain] o.s.s.web.DefaultSecurityFilterChain     : Creating filter chain: org.springframework.security.web.util.matcher.AnyRequestMatcher@1, [org.springframework.security.web.context.request.async.WebAsyncManagerIntegrationFilter@77c86b54, org.springframework.security.web.context.SecurityContextPersistenceFilter@63569646, org.springframework.security.web.header.HeaderWriterFilter@6ce2cd81, org.springframework.security.web.authentication.logout.LogoutFilter@3498f4df, org.springframework.security.web.authentication.UsernamePasswordAuthenticationFilter@53ac920a, org.springframework.security.web.savedrequest.RequestCacheAwareFilter@35574919, org.springframework.security.web.servletapi.SecurityContextHolderAwareRequestFilter@e7cfbfc, org.springframework.security.web.authentication.AnonymousAuthenticationFilter@6b3773f2, org.springframework.security.web.session.SessionManagementFilter@111e0574, org.springframework.security.web.access.ExceptionTranslationFilter@217563e8, org.springframework.security.web.access.intercept.FilterSecurityInterceptor@7db56525]
2017-10-18 13:45:41.904  INFO 4868 --- [restartedMain] o.s.s.web.DefaultSecurityFilterChain     : Creating filter chain: OrRequestMatcher [requestMatchers=[Ant [pattern='/**']]], [org.springframework.security.web.context.request.async.WebAsyncManagerIntegrationFilter@1d37dae4, org.springframework.security.web.context.SecurityContextPersistenceFilter@2c89170f, org.springframework.security.web.header.HeaderWriterFilter@37b4b386, org.springframework.security.web.authentication.logout.LogoutFilter@3f72180, org.springframework.security.web.authentication.www.BasicAuthenticationFilter@53040c74, org.springframework.security.web.savedrequest.RequestCacheAwareFilter@7bed9afc, org.springframework.security.web.servletapi.SecurityContextHolderAwareRequestFilter@69572e84, org.springframework.security.web.authentication.AnonymousAuthenticationFilter@50f0e984, org.springframework.security.web.session.SessionManagementFilter@730d5993, org.springframework.security.web.access.ExceptionTranslationFilter@382de3c9, org.springframework.security.web.access.intercept.FilterSecurityInterceptor@644d3670]
2017-10-18 13:45:42.150  INFO 4868 --- [restartedMain] o.s.b.d.a.OptionalLiveReloadServer       : LiveReload server is running on port 35729
2017-10-18 13:45:42.258  INFO 4868 --- [restartedMain] o.s.j.e.a.AnnotationMBeanExporter        : Registering beans for JMX exposure on startup
2017-10-18 13:45:42.457  INFO 4868 --- [restartedMain] s.b.c.e.t.TomcatEmbeddedServletContainer : Tomcat started on port(s): 8080 (http)
2017-10-18 13:45:42.465  INFO 4868 --- [restartedMain] c.s.booster.SpringBootMySqlApplication   : Started SpringBootMySqlApplication in 20.138 seconds (JVM running for 23.949)
2017-10-18 13:45:48.505  INFO 4868 --- [http-nio-8080-exec-2] o.a.c.c.C.[Tomcat].[localhost].[/]       : Initializing Spring FrameworkServlet 'dispatcherServlet'
2017-10-18 13:45:48.506  INFO 4868 --- [http-nio-8080-exec-2] o.s.web.servlet.DispatcherServlet        : FrameworkServlet 'dispatcherServlet': initialization started
2017-10-18 13:45:48.532  INFO 4868 --- [http-nio-8080-exec-2] o.s.web.servlet.DispatcherServlet        : FrameworkServlet 'dispatcherServlet': initialization completed in 26 ms
2017-10-18 13:45:55.161  INFO 4868 --- [http-nio-8080-exec-3] o.h.h.i.QueryTranslatorFactoryInitiator  : HHH000397: Using ASTQueryTranslatorFactory
2017-10-18 13:45:55.496 DEBUG 4868 --- [http-nio-8080-exec-3] c.s.booster.controllers.HomeController   : HomeController in method greeting: home page called
